# JRE version: Java(TM) SE Runtime Environment 18.9 (11.0.12+8) (build 11.0.12+8-LTS-237)
# Java VM: Java HotSpot(TM) 64-Bit Server VM 18.9 (11.0.12+8-LTS-237, mixed mode, tiered, compressed oops, g1 gc, windows-amd64)
Heap:
 garbage-first heap   total 260096K, used 40469K [0x00000000a0000000, 0x0000000100000000)
  region size 1024K, 32 young (32768K), 9 survivors (9216K)
 Metaspace       used 57858K, capacity 60669K, committed 60800K, reserved 1099776K
  class space    used 8087K, capacity 9638K, committed 9728K, reserved 1048576K
GC Heap History (9 events):
Event: 0.530 GC heap before
{Heap before GC invocations=0 (full 0):
 garbage-first heap   total 260096K, used 23552K [0x00000000a0000000, 0x0000000100000000)
  region size 1024K, 24 young (24576K), 0 survivors (0K)
 Metaspace       used 12265K, capacity 12591K, committed 12800K, reserved 1060864K
  class space    used 1192K, capacity 1263K, committed 1280K, reserved 1048576K
}
Event: 0.533 GC heap after
{Heap after GC invocations=1 (full 0):
 garbage-first heap   total 260096K, used 3812K [0x00000000a0000000, 0x0000000100000000)
  region size 1024K, 3 young (3072K), 3 survivors (3072K)
 Metaspace       used 12265K, capacity 12591K, committed 12800K, reserved 1060864K
  class space    used 1192K, capacity 1263K, committed 1280K, reserved 1048576K
}
Event: 0.884 GC heap before
{Heap before GC invocations=1 (full 0):
 garbage-first heap   total 260096K, used 45796K [0x00000000a0000000, 0x0000000100000000)
  region size 1024K, 46 young (47104K), 3 survivors (3072K)
 Metaspace       used 20621K, capacity 21169K, committed 21248K, reserved 1069056K
  class space    used 2323K, capacity 2492K, committed 2560K, reserved 1048576K
}
Event: 0.887 GC heap after
{Heap after GC invocations=2 (full 0):
 garbage-first heap   total 260096K, used 7823K [0x00000000a0000000, 0x0000000100000000)
  region size 1024K, 7 young (7168K), 7 survivors (7168K)
 Metaspace       used 20621K, capacity 21169K, committed 21248K, reserved 1069056K
  class space    used 2323K, capacity 2492K, committed 2560K, reserved 1048576K
}
Event: 1.264 GC heap before
{Heap before GC invocations=3 (full 0):
 garbage-first heap   total 260096K, used 60047K [0x00000000a0000000, 0x0000000100000000)
  region size 1024K, 60 young (61440K), 7 survivors (7168K)
 Metaspace       used 34959K, capacity 36159K, committed 36480K, reserved 1081344K
  class space    used 4363K, capacity 4921K, committed 4992K, reserved 1048576K
}
Event: 1.269 GC heap after
{Heap after GC invocations=4 (full 0):
 garbage-first heap   total 260096K, used 9686K [0x00000000a0000000, 0x0000000100000000)
  region size 1024K, 9 young (9216K), 9 survivors (9216K)
 Metaspace       used 34959K, capacity 36159K, committed 36480K, reserved 1081344K
  class space    used 4363K, capacity 4921K, committed 4992K, reserved 1048576K
}
Event: 1.989 GC heap before
{Heap before GC invocations=5 (full 0):
 garbage-first heap   total 260096K, used 83414K [0x00000000a0000000, 0x0000000100000000)
  region size 1024K, 81 young (82944K), 9 survivors (9216K)
 Metaspace       used 52984K, capacity 55599K, committed 55808K, reserved 1095680K
  class space    used 7486K, capacity 8933K, committed 8960K, reserved 1048576K
}
Event: 2.001 GC heap after
{Heap after GC invocations=6 (full 0):
 garbage-first heap   total 260096K, used 16917K [0x00000000a0000000, 0x0000000100000000)
  region size 1024K, 10 young (10240K), 10 survivors (10240K)
 Metaspace       used 52984K, capacity 55599K, committed 55808K, reserved 1095680K
  class space    used 7486K, capacity 8933K, committed 8960K, reserved 1048576K
}
Event: 2.287 GC heap before
{Heap before GC invocations=6 (full 0):
 garbage-first heap   total 260096K, used 39445K [0x00000000a0000000, 0x0000000100000000)
  region size 1024K, 33 young (33792K), 10 survivors (10240K)
 Metaspace       used 57858K, capacity 60669K, committed 60800K, reserved 1099776K
  class space    used 8087K, capacity 9638K, committed 9728K, reserved 1048576K
}

